<?xml version="1.0" encoding="UTF-8"?>
<!-- Generated by org.testng.reporters.JUnitXMLReporter -->
<testsuite hostname="RONY-POOJA" ignored="0" name="Regression Test" tests="3" failures="0" timestamp="2022-12-12T12:52:11 GMT" time="14.111" errors="0">
  <testcase name="UserSholdLoginSuccessfullyWithValidCredentials" time="0.773" classname="com.herokuapp.internet.testsuite.LoginPageTest"/>
  <testcase name="verifyThePasswordErrorMessage" time="0.713" classname="com.herokuapp.internet.testsuite.LoginPageTest"/>
  <testcase name="verifyTheUsernameErrorMessage" time="0.745" classname="com.herokuapp.internet.testsuite.LoginPageTest"/>
</testsuite> <!-- Regression Test -->
